<?xml version="1.0" encoding="UTF-8"?>
<!-- Generated by org.testng.reporters.JUnitReportReporter -->
<testsuite hostname="DESKTOP-05VG98T" failures="0" tests="4" name="runner.TestRunner" time="19.877" errors="0" timestamp="2025-08-20T12:51:07 IST" skipped="0">
  <testcase classname="runner.TestRunner" name="runScenario" time="4.431"/>
  <testcase classname="runner.TestRunner" name="runScenario" time="7.043"/>
  <testcase classname="runner.TestRunner" name="runScenario" time="4.257"/>
  <testcase classname="runner.TestRunner" name="runScenario" time="4.146"/>
</testsuite> <!-- runner.TestRunner -->
